#
# A fatal error has been detected by the Java Runtime Environment:
#
#  Internal Error (javaClasses.cpp:136), pid=6504, tid=6408
#  fatal error: Invalid layout of preloaded class
#
# JRE version:  (7.0_45-b18) (build )
# Java VM: Java HotSpot(TM) 64-Bit Server VM (24.45-b08 mixed mode windows-amd64 compressed oops)
# Failed to write core dump. Minidumps are not enabled by default on client versions of Windows
#
# If you would like to submit a bug report, please visit:
#   http://bugreport.sun.com/bugreport/crash.jsp
#

---------------  T H R E A D  ---------------

Current thread (0x000000000250e000):  JavaThread "Unknown thread" [_thread_in_vm, id=6408, stack(0x00000000026c0000,0x00000000027c0000)]

Stack: [0x00000000026c0000,0x00000000027c0000]

---------------  P R O C E S S  ---------------

Java Threads: ( => current thread )

Other Threads:

=>0x000000000250e000 (exited) JavaThread "Unknown thread" [_thread_in_vm, id=6408, stack(0x00000000026c0000,0x00000000027c0000)]

VM state:not at safepoint (not fully initialized)

VM Mutex/Monitor currently owned by a thread: None

GC Heap History (0 events):
No events

Deoptimization events (0 events):
No events

Internal exceptions (0 events):
No events

Events (10 events):
Event: 0.011 loading class 0x000000000242d150 done
Event: 0.011 loading class 0x000000000242cb70 done
Event: 0.011 loading class 0x000000000242cb50
Event: 0.011 loading class 0x0000000002434c50
Event: 0.011 loading class 0x0000000002434c50 done
Event: 0.011 loading class 0x0000000002434c80
Event: 0.011 loading class 0x0000000002434c80 done
Event: 0.011 loading class 0x0000000002434cb0
Event: 0.011 loading class 0x0000000002434cb0 done
Event: 0.012 loading class 0x000000000242cb50 done


Dynamic libraries:
0x000000013fba0000 - 0x000000013fbd3000 	D:\Programs\java\jdk\bin\javaw.exe
0x0000000077900000 - 0x0000000077aa9000 	C:\Windows\SYSTEM32\ntdll.dll
0x00000000776e0000 - 0x00000000777ff000 	C:\Windows\system32\kernel32.dll
0x000007fefd970000 - 0x000007fefd9dc000 	C:\Windows\system32\KERNELBASE.dll
0x000007fefeaa0000 - 0x000007fefeb7b000 	C:\Windows\system32\ADVAPI32.dll
0x000007fefe6a0000 - 0x000007fefe73f000 	C:\Windows\system32\msvcrt.dll
0x000007fefdf20000 - 0x000007fefdf3f000 	C:\Windows\SYSTEM32\sechost.dll
0x000007fefdf40000 - 0x000007fefe06d000 	C:\Windows\system32\RPCRT4.dll
0x0000000077800000 - 0x00000000778fa000 	C:\Windows\system32\USER32.dll
0x000007fefdaf0000 - 0x000007fefdb57000 	C:\Windows\system32\GDI32.dll
0x000007feffa20000 - 0x000007feffa2e000 	C:\Windows\system32\LPK.dll
0x000007fefe4e0000 - 0x000007fefe5a9000 	C:\Windows\system32\USP10.dll
0x000007fefbcb0000 - 0x000007fefbea4000 	C:\Windows\WinSxS\amd64_microsoft.windows.common-controls_6595b64144ccf1df_6.0.7601.17514_none_fa396087175ac9ac\COMCTL32.dll
0x000007fefe770000 - 0x000007fefe7e1000 	C:\Windows\system32\SHLWAPI.dll
0x000007fefdcc0000 - 0x000007fefdcee000 	C:\Windows\system32\IMM32.DLL
0x000007fefeb80000 - 0x000007fefec89000 	C:\Windows\system32\MSCTF.dll
0x0000000069040000 - 0x0000000069112000 	D:\Programs\java\jdk\jre\bin\msvcr100.dll
0x000000006cbf0000 - 0x000000006d3b9000 	D:\Programs\java\jdk\jre\bin\server\jvm.dll
0x000007fef5cc0000 - 0x000007fef5cc9000 	C:\Windows\system32\WSOCK32.dll
0x000007fefe650000 - 0x000007fefe69d000 	C:\Windows\system32\WS2_32.dll
0x000007fefe740000 - 0x000007fefe748000 	C:\Windows\system32\NSI.dll
0x000007fefb420000 - 0x000007fefb45b000 	C:\Windows\system32\WINMM.dll
0x0000000077ad0000 - 0x0000000077ad7000 	C:\Windows\system32\PSAPI.DLL
0x00000000738c0000 - 0x00000000738cf000 	D:\Programs\java\jdk\jre\bin\verify.dll
0x0000000073890000 - 0x00000000738b8000 	D:\Programs\java\jdk\jre\bin\java.dll
0x0000000073870000 - 0x0000000073885000 	D:\Programs\java\jdk\jre\bin\zip.dll

VM Arguments:
jvm_args: -Dfile.encoding=GBK -Xbootclasspath:D:\Programs\java\android-sdk\adt-bundle-windows-x86_64-20131030\sdk\platforms\android-19\android.jar 
java_command: com.yg.ui.dialog.implementation.DateUtil
Launcher Type: SUN_STANDARD

Environment Variables:
JAVA_HOME=D:\Programs\java\jdk
CLASSPATH=.;D:\Programs\java\jdk\lib\tools.jar;D:\Programs\java\jdk\lib\dt.jar
PATH=D:/Programs/java/jdk/jre/bin/server;D:/Programs/java/jdk/jre/bin;D:/Programs/java/jdk/jre/lib/amd64;C:\Program Files (x86)\NVIDIA Corporation\PhysX\Common;C:\Windows\system32;C:\Windows;C:\Windows\System32\Wbem;C:\Windows\System32\WindowsPowerShell\v1.0\;C:\Program Files (x86)\Windows Kits\8.1\Windows Performance Toolkit\;C:\Program Files (x86)\Microsoft SQL Server\100\Tools\Binn\;C:\Program Files\Microsoft SQL Server\100\Tools\Binn\;C:\Program Files\Microsoft SQL Server\100\DTS\Binn\;C:\Program Files (x86)\Microsoft SQL Server\100\Tools\Binn\VSShell\Common7\IDE\;C:\Program Files (x86)\Microsoft SQL Server\100\DTS\Binn\;C:\Program Files (x86)\Microsoft Visual Studio 9.0\Common7\IDE\PrivateAssemblies\;D:\Programs\java\android-sdk\adt-bundle-windows-x86_64-20131030\sdk\tools;D:\Programs\java\jdk\jre\bin;d:\Program Files\Git\cmd;D:\Program Files\Git\bin;D:\Programs\opencv\build\x64\vc11\bin;D:\Programs\Python27;D:\Programs\Python27\Scripts;D:\Programs\doxygen\doxygen\bin;D:\Programs\java\jdk\bin;D:\Programs\UltraEdit\;D:\Programs\java\android-sdk\adt-bundle-windows-x86_64-20131030\eclipse;
USERNAME=USER007
OS=Windows_NT
PROCESSOR_IDENTIFIER=Intel64 Family 6 Model 37 Stepping 5, GenuineIntel



---------------  S Y S T E M  ---------------

OS: Windows 7 , 64 bit Build 7601 Service Pack 1

CPU:total 4 (2 cores per cpu, 2 threads per core) family 6 model 37 stepping 5, cmov, cx8, fxsr, mmx, sse, sse2, sse3, ssse3, sse4.1, sse4.2, popcnt, aes, ht, tsc, tscinvbit

Memory: 4k page, physical 4053500k(1332992k free), swap 8105148k(2961924k free)

vm_info: Java HotSpot(TM) 64-Bit Server VM (24.45-b08) for windows-amd64 JRE (1.7.0_45-b18), built on Oct  8 2013 05:47:22 by "java_re" with unknown MS VC++:1600

time: Fri Apr 10 18:44:20 2015
elapsed time: 0 seconds

